Virtual User Script started at: 15-10-2025 22:25:32
Starting action vuser_init.
Web Turbo Replay of LoadRunner 2024.1.0 for Windows 11; build 667 (Feb 07 2024 17:45:41)  	[MsgId: MMSG-26983]
Run mode: HTML  	[MsgId: MMSG-26993]
Replay user agent: Mozilla/5.0 (compatible; MSIE 10.0; Windows NT 6.1; Trident/6.0)  	[MsgId: MMSG-26988]
Runtime Settings file: "C:\Users\10738962\Documents\VuGen\Scripts\PetStoreS4\\default.cfg"  	[MsgId: MMSG-27141]
vuser_init.c(3): Script Started
vuser_init.c(4): web_cleanup_cookies started  	[MsgId: MMSG-26355]
vuser_init.c(4): web_cleanup_cookies was successful  	[MsgId: MMSG-26392]
vuser_init.c(5): web_cache_cleanup started  	[MsgId: MMSG-26355]
vuser_init.c(5): web_cache_cleanup was successful  	[MsgId: MMSG-26392]
vuser_init.c(6): web_cleanup_auto_headers started  	[MsgId: MMSG-26355]
vuser_init.c(6): web_cleanup_auto_headers was successful  	[MsgId: MMSG-26392]
vuser_init.c(7): web_set_sockets_option started  	[MsgId: MMSG-26355]
vuser_init.c(7): web_set_sockets_option was successful  	[MsgId: MMSG-26392]
vuser_init.c(9): Notify: Transaction "LaunchPetStore" started.
vuser_init.c(11): web_reg_find started  	[MsgId: MMSG-26355]
vuser_init.c(11): Registering web_reg_find was successful  	[MsgId: MMSG-26390]
vuser_init.c(13): web_url("petstore.octoperf.com") started  	[MsgId: MMSG-26355]
vuser_init.c(13): Found resource "https://petstore.octoperf.com/css/jpetstore.css" in HTML "https://petstore.octoperf.com/"  	[MsgId: MMSG-26659]
vuser_init.c(13): Registered web_reg_find successful for "Text=Welcome to JPetStore 6" (count=1)  	[MsgId: MMSG-26364]
vuser_init.c(13): web_url("petstore.octoperf.com") was successful, 7129 body bytes, 743 header bytes  	[MsgId: MMSG-26386]
vuser_init.c(21): Notify: Transaction "LaunchPetStore" ended with a "Pass" status (Duration: 2.8190 Wasted Time: 0.0734).
vuser_init.c(23): lr_think_time: 2.68 seconds (recorded think time was 5.00 seconds).
vuser_init.c(25): Notify: Transaction "EnterToPetStore" started.
vuser_init.c(26): web_reg_find started  	[MsgId: MMSG-26355]
vuser_init.c(26): Registering web_reg_find was successful  	[MsgId: MMSG-26390]
vuser_init.c(29): web_url("Catalog.action") started  	[MsgId: MMSG-26355]
vuser_init.c(29): Resource "https://petstore.octoperf.com/css/jpetstore.css" is in the cache already and will not be downloaded again  	[MsgId: MMSG-26655]
vuser_init.c(29): Found resource "https://petstore.octoperf.com/images/logo-topbar.svg" in HTML "https://petstore.octoperf.com/actions/Catalog.action"  	[MsgId: MMSG-26659]
vuser_init.c(29): Found resource "https://petstore.octoperf.com/images/cart.gif" in HTML "https://petstore.octoperf.com/actions/Catalog.action"  	[MsgId: MMSG-26659]
vuser_init.c(29): Found resource "https://petstore.octoperf.com/images/separator.gif" in HTML "https://petstore.octoperf.com/actions/Catalog.action"  	[MsgId: MMSG-26659]
vuser_init.c(29): Found resource "https://petstore.octoperf.com/images/sm_fish.gif" in HTML "https://petstore.octoperf.com/actions/Catalog.action"  	[MsgId: MMSG-26659]
vuser_init.c(29): Found resource "https://petstore.octoperf.com/images/sm_dogs.gif" in HTML "https://petstore.octoperf.com/actions/Catalog.action"  	[MsgId: MMSG-26659]
vuser_init.c(29): Found resource "https://petstore.octoperf.com/images/sm_reptiles.gif" in HTML "https://petstore.octoperf.com/actions/Catalog.action"  	[MsgId: MMSG-26659]
vuser_init.c(29): Found resource "https://petstore.octoperf.com/images/sm_cats.gif" in HTML "https://petstore.octoperf.com/actions/Catalog.action"  	[MsgId: MMSG-26659]
vuser_init.c(29): Found resource "https://petstore.octoperf.com/images/sm_birds.gif" in HTML "https://petstore.octoperf.com/actions/Catalog.action"  	[MsgId: MMSG-26659]
vuser_init.c(29): Found resource "https://petstore.octoperf.com/images/fish_icon.gif" in HTML "https://petstore.octoperf.com/actions/Catalog.action"  	[MsgId: MMSG-26659]
vuser_init.c(29): Found resource "https://petstore.octoperf.com/images/dogs_icon.gif" in HTML "https://petstore.octoperf.com/actions/Catalog.action"  	[MsgId: MMSG-26659]
vuser_init.c(29): Found resource "https://petstore.octoperf.com/images/cats_icon.gif" in HTML "https://petstore.octoperf.com/actions/Catalog.action"  	[MsgId: MMSG-26659]
vuser_init.c(29): Found resource "https://petstore.octoperf.com/images/reptiles_icon.gif" in HTML "https://petstore.octoperf.com/actions/Catalog.action"  	[MsgId: MMSG-26659]
vuser_init.c(29): Found resource "https://petstore.octoperf.com/images/birds_icon.gif" in HTML "https://petstore.octoperf.com/actions/Catalog.action"  	[MsgId: MMSG-26659]
vuser_init.c(29): Found resource "https://petstore.octoperf.com/images/splash.gif" in HTML "https://petstore.octoperf.com/actions/Catalog.action"  	[MsgId: MMSG-26659]
vuser_init.c(29): Registered web_reg_find successful for "Text=OctoPerf" (count=1)  	[MsgId: MMSG-26364]
vuser_init.c(29): web_url("Catalog.action") was successful, 63413 body bytes, 5602 header bytes  	[MsgId: MMSG-26386]
vuser_init.c(37): Notify: Transaction "EnterToPetStore" ended with a "Pass" status (Duration: 2.3492 Wasted Time: 0.0179).
vuser_init.c(39): lr_think_time: 2.58 seconds (recorded think time was 5.00 seconds).
vuser_init.c(41): Notify: Transaction "ClickOnSignIn" started.
vuser_init.c(43): web_reg_find started  	[MsgId: MMSG-26355]
vuser_init.c(43): Registering web_reg_find was successful  	[MsgId: MMSG-26390]
vuser_init.c(46): web_link("Sign In") started  	[MsgId: MMSG-26355]
vuser_init.c(46): Linking to "https://petstore.octoperf.com/actions/Account.action;jsessionid=FDA825FC1177B315FC9F484E0C3CD62C?signonForm=", Target Frame=""  	[MsgId: MMSG-27994]
vuser_init.c(46): Resource "https://petstore.octoperf.com/css/jpetstore.css" is in the cache already and will not be downloaded again  	[MsgId: MMSG-26655]
vuser_init.c(46): Resource "https://petstore.octoperf.com/images/logo-topbar.svg" is in the cache already and will not be downloaded again  	[MsgId: MMSG-26655]
vuser_init.c(46): Resource "https://petstore.octoperf.com/images/cart.gif" is in the cache already and will not be downloaded again  	[MsgId: MMSG-26655]
vuser_init.c(46): Resource "https://petstore.octoperf.com/images/separator.gif" is in the cache already and will not be downloaded again  	[MsgId: MMSG-26655]
vuser_init.c(46): Resource "https://petstore.octoperf.com/images/sm_fish.gif" is in the cache already and will not be downloaded again  	[MsgId: MMSG-26655]
vuser_init.c(46): Resource "https://petstore.octoperf.com/images/sm_dogs.gif" is in the cache already and will not be downloaded again  	[MsgId: MMSG-26655]
vuser_init.c(46): Resource "https://petstore.octoperf.com/images/sm_reptiles.gif" is in the cache already and will not be downloaded again  	[MsgId: MMSG-26655]
vuser_init.c(46): Resource "https://petstore.octoperf.com/images/sm_cats.gif" is in the cache already and will not be downloaded again  	[MsgId: MMSG-26655]
vuser_init.c(46): Resource "https://petstore.octoperf.com/images/sm_birds.gif" is in the cache already and will not be downloaded again  	[MsgId: MMSG-26655]
vuser_init.c(46): Registered web_reg_find successful for "Text=Please enter your username and password" (count=1)  	[MsgId: MMSG-26364]
vuser_init.c(46): web_link("Sign In") was successful, 3856 body bytes, 335 header bytes  	[MsgId: MMSG-26386]
vuser_init.c(51): Notify: Transaction "ClickOnSignIn" ended with a "Pass" status (Duration: 0.4704 Wasted Time: 0.0079).
vuser_init.c(53): lr_think_time: 4.64 seconds (recorded think time was 5.00 seconds).
vuser_init.c(55): Notify: Transaction "Login" started.
vuser_init.c(56): web_reg_find started  	[MsgId: MMSG-26355]
vuser_init.c(56): Registering web_reg_find was successful  	[MsgId: MMSG-26390]
vuser_init.c(58): web_reg_save_param_regexp started  	[MsgId: MMSG-26355]
vuser_init.c(58): Registering web_reg_save_param_regexp was successful  	[MsgId: MMSG-26390]
vuser_init.c(64): web_submit_form("Account.action") started  	[MsgId: MMSG-26355]
vuser_init.c(64): Notify: Parameter Substitution: parameter "UserName" =  "j2ee"
vuser_init.c(64): Notify: Next row for parameter pass = 1 [table  = pass].
vuser_init.c(64): Notify: Parameter Substitution: parameter "pass" =  "j2ee"
vuser_init.c(64): Submitting form to "https://petstore.octoperf.com/actions/Account.action", Target Frame=""  	[MsgId: MMSG-27978]
vuser_init.c(64): Redirecting "https://petstore.octoperf.com/actions/Account.action" (redirection depth is 0)  	[MsgId: MMSG-26694]
vuser_init.c(64): To location "https://petstore.octoperf.com/actions/Catalog.action"  	[MsgId: MMSG-26693]
vuser_init.c(64): Resource "https://petstore.octoperf.com/css/jpetstore.css" is in the cache already and will not be downloaded again  	[MsgId: MMSG-26655]
vuser_init.c(64): Resource "https://petstore.octoperf.com/images/logo-topbar.svg" is in the cache already and will not be downloaded again  	[MsgId: MMSG-26655]
vuser_init.c(64): Resource "https://petstore.octoperf.com/images/cart.gif" is in the cache already and will not be downloaded again  	[MsgId: MMSG-26655]
vuser_init.c(64): Resource "https://petstore.octoperf.com/images/separator.gif" is in the cache already and will not be downloaded again  	[MsgId: MMSG-26655]
vuser_init.c(64): Resource "https://petstore.octoperf.com/images/sm_fish.gif" is in the cache already and will not be downloaded again  	[MsgId: MMSG-26655]
vuser_init.c(64): Resource "https://petstore.octoperf.com/images/sm_dogs.gif" is in the cache already and will not be downloaded again  	[MsgId: MMSG-26655]
vuser_init.c(64): Resource "https://petstore.octoperf.com/images/sm_reptiles.gif" is in the cache already and will not be downloaded again  	[MsgId: MMSG-26655]
vuser_init.c(64): Resource "https://petstore.octoperf.com/images/sm_cats.gif" is in the cache already and will not be downloaded again  	[MsgId: MMSG-26655]
vuser_init.c(64): Resource "https://petstore.octoperf.com/images/sm_birds.gif" is in the cache already and will not be downloaded again  	[MsgId: MMSG-26655]
vuser_init.c(64): Resource "https://petstore.octoperf.com/images/fish_icon.gif" is in the cache already and will not be downloaded again  	[MsgId: MMSG-26655]
vuser_init.c(64): Resource "https://petstore.octoperf.com/images/dogs_icon.gif" is in the cache already and will not be downloaded again  	[MsgId: MMSG-26655]
vuser_init.c(64): Resource "https://petstore.octoperf.com/images/cats_icon.gif" is in the cache already and will not be downloaded again  	[MsgId: MMSG-26655]
vuser_init.c(64): Resource "https://petstore.octoperf.com/images/reptiles_icon.gif" is in the cache already and will not be downloaded again  	[MsgId: MMSG-26655]
vuser_init.c(64): Resource "https://petstore.octoperf.com/images/birds_icon.gif" is in the cache already and will not be downloaded again  	[MsgId: MMSG-26655]
vuser_init.c(64): Resource "https://petstore.octoperf.com/images/splash.gif" is in the cache already and will not be downloaded again  	[MsgId: MMSG-26655]
vuser_init.c(64): Found resource "https://petstore.octoperf.com/images/banner_dogs.gif" in HTML "https://petstore.octoperf.com/actions/Catalog.action"  	[MsgId: MMSG-26659]
vuser_init.c(64): Notify: Saving Parameter "ProductName_1 = BIRDS".
vuser_init.c(64): Notify: Saving Parameter "ProductName_2 = FISH".
vuser_init.c(64): Notify: Saving Parameter "ProductName_3 = DOGS".
vuser_init.c(64): Notify: Saving Parameter "ProductName_4 = REPTILES".
vuser_init.c(64): Notify: Saving Parameter "ProductName_5 = CATS".
vuser_init.c(64): Notify: Saving Parameter "ProductName_6 = BIRDS".
vuser_init.c(64): Notify: Saving Parameter "ProductName_count = 6".
vuser_init.c(64): Registered web_reg_find successful for "Text=My Account" (count=1)  	[MsgId: MMSG-26364]
vuser_init.c(64): web_submit_form("Account.action") was successful, 11124 body bytes, 1035 header bytes  	[MsgId: MMSG-26386]
vuser_init.c(72): Notify: Transaction "Login" ended with a "Pass" status (Duration: 1.2035 Wasted Time: 0.0086).
Ending action vuser_init.
Running Vuser...
Starting iteration 1.
Warning -27077: The "vuser_init" section contains web function(s) when the "Simulate a new user on each iteration" Runtime Setting is ON.  This may produce unpredictable results with multiple iterations  	[MsgId: MWAR-27077]
Maximum number of concurrent connections per server: 6  	[MsgId: MMSG-26989]
Starting action Imported_AddToCard.
Imported_AddToCard.c(8): Notify: Transaction "AddAproduct" started.
Imported_AddToCard.c(11): Notify: Parameter Substitution: parameter "ProductName_count" =  "6"
Imported_AddToCard.c(12): Notify: Parameter Substitution: parameter "ProductName_2" =  "FISH"
Imported_AddToCard.c(14): Notify: Saving Parameter "RandCategory = FISH".
Imported_AddToCard.c(15): Notify: Parameter Substitution: parameter "RandCategory" =  "FISH"
Imported_AddToCard.c(15): Random category selected in Action2 = FISH
Imported_AddToCard.c(17): web_reg_find started  	[MsgId: MMSG-26355]
Imported_AddToCard.c(17): Notify: Parameter Substitution: parameter "RandCategory" =  "FISH"
Imported_AddToCard.c(17): Registering web_reg_find was successful  	[MsgId: MMSG-26390]
Imported_AddToCard.c(20): web_reg_save_param_regexp started  	[MsgId: MMSG-26355]
Imported_AddToCard.c(20): Registering web_reg_save_param_regexp was successful  	[MsgId: MMSG-26390]
Imported_AddToCard.c(27): web_url("Catalog.action_2") started  	[MsgId: MMSG-26355]
Imported_AddToCard.c(27): Notify: Parameter Substitution: parameter "RandCategory" =  "FISH"
Imported_AddToCard.c(27): Resource "https://petstore.octoperf.com/css/jpetstore.css" is in the cache already and will not be downloaded again  	[MsgId: MMSG-26655]
Imported_AddToCard.c(27): Resource "https://petstore.octoperf.com/images/logo-topbar.svg" is in the cache already and will not be downloaded again  	[MsgId: MMSG-26655]
Imported_AddToCard.c(27): Resource "https://petstore.octoperf.com/images/cart.gif" is in the cache already and will not be downloaded again  	[MsgId: MMSG-26655]
Imported_AddToCard.c(27): Resource "https://petstore.octoperf.com/images/separator.gif" is in the cache already and will not be downloaded again  	[MsgId: MMSG-26655]
Imported_AddToCard.c(27): Resource "https://petstore.octoperf.com/images/sm_fish.gif" is in the cache already and will not be downloaded again  	[MsgId: MMSG-26655]
Imported_AddToCard.c(27): Resource "https://petstore.octoperf.com/images/sm_dogs.gif" is in the cache already and will not be downloaded again  	[MsgId: MMSG-26655]
Imported_AddToCard.c(27): Resource "https://petstore.octoperf.com/images/sm_reptiles.gif" is in the cache already and will not be downloaded again  	[MsgId: MMSG-26655]
Imported_AddToCard.c(27): Resource "https://petstore.octoperf.com/images/sm_cats.gif" is in the cache already and will not be downloaded again  	[MsgId: MMSG-26655]
Imported_AddToCard.c(27): Resource "https://petstore.octoperf.com/images/sm_birds.gif" is in the cache already and will not be downloaded again  	[MsgId: MMSG-26655]
Imported_AddToCard.c(27): Resource "https://petstore.octoperf.com/images/banner_dogs.gif" is in the cache already and will not be downloaded again  	[MsgId: MMSG-26655]
Imported_AddToCard.c(27): Notify: Saving Parameter "productId_1 = FI-SW-01".
Imported_AddToCard.c(27): Notify: Saving Parameter "productId_2 = FI-SW-02".
Imported_AddToCard.c(27): Notify: Saving Parameter "productId_3 = FI-FW-01".
Imported_AddToCard.c(27): Notify: Saving Parameter "productId_4 = FI-FW-02".
Imported_AddToCard.c(27): Notify: Saving Parameter "productId_count = 4".
Imported_AddToCard.c(27): Registered web_reg_find successful for "Text=FISH" (count=1)  	[MsgId: MMSG-26364]
Imported_AddToCard.c(27): web_url("Catalog.action_2") was successful, 3887 body bytes, 335 header bytes  	[MsgId: MMSG-26386]
Imported_AddToCard.c(36): Notify: Transaction "AddAproduct" ended with a "Pass" status (Duration: 0.5432 Wasted Time: 0.0060).
Imported_AddToCard.c(38): lr_think_time: 4.69 seconds (recorded think time was 5.00 seconds).
Imported_AddToCard.c(40): Notify: Transaction "SelectProductId" started.
Imported_AddToCard.c(43): Notify: Parameter Substitution: parameter "productId_count" =  "4"
Imported_AddToCard.c(44): Notify: Parameter Substitution: parameter "productId_3" =  "FI-FW-01"
Imported_AddToCard.c(46): Notify: Saving Parameter "RandproductId = FI-FW-01".
Imported_AddToCard.c(47): Notify: Parameter Substitution: parameter "RandproductId" =  "FI-FW-01"
Imported_AddToCard.c(47): Random category selected in Action2 = FI-FW-01
Imported_AddToCard.c(49): web_reg_find started  	[MsgId: MMSG-26355]
Imported_AddToCard.c(49): Notify: Parameter Substitution: parameter "RandproductId" =  "FI-FW-01"
Imported_AddToCard.c(49): Registering web_reg_find was successful  	[MsgId: MMSG-26390]
Imported_AddToCard.c(51): web_reg_save_param_regexp started  	[MsgId: MMSG-26355]
Imported_AddToCard.c(51): Registering web_reg_save_param_regexp was successful  	[MsgId: MMSG-26390]
Imported_AddToCard.c(58): web_link("{RandproductId}") started  	[MsgId: MMSG-26355]
Imported_AddToCard.c(58): Notify: Parameter Substitution: parameter "RandproductId" =  "FI-FW-01"
Imported_AddToCard.c(58): Linking to "https://petstore.octoperf.com/actions/Catalog.action?viewProduct=&productId=FI-FW-01", Target Frame=""  	[MsgId: MMSG-27994]
Imported_AddToCard.c(58): Resource "https://petstore.octoperf.com/css/jpetstore.css" is in the cache already and will not be downloaded again  	[MsgId: MMSG-26655]
Imported_AddToCard.c(58): Resource "https://petstore.octoperf.com/images/logo-topbar.svg" is in the cache already and will not be downloaded again  	[MsgId: MMSG-26655]
Imported_AddToCard.c(58): Resource "https://petstore.octoperf.com/images/cart.gif" is in the cache already and will not be downloaded again  	[MsgId: MMSG-26655]
Imported_AddToCard.c(58): Resource "https://petstore.octoperf.com/images/separator.gif" is in the cache already and will not be downloaded again  	[MsgId: MMSG-26655]
Imported_AddToCard.c(58): Resource "https://petstore.octoperf.com/images/sm_fish.gif" is in the cache already and will not be downloaded again  	[MsgId: MMSG-26655]
Imported_AddToCard.c(58): Resource "https://petstore.octoperf.com/images/sm_dogs.gif" is in the cache already and will not be downloaded again  	[MsgId: MMSG-26655]
Imported_AddToCard.c(58): Resource "https://petstore.octoperf.com/images/sm_reptiles.gif" is in the cache already and will not be downloaded again  	[MsgId: MMSG-26655]
Imported_AddToCard.c(58): Resource "https://petstore.octoperf.com/images/sm_cats.gif" is in the cache already and will not be downloaded again  	[MsgId: MMSG-26655]
Imported_AddToCard.c(58): Resource "https://petstore.octoperf.com/images/sm_birds.gif" is in the cache already and will not be downloaded again  	[MsgId: MMSG-26655]
Imported_AddToCard.c(58): Resource "https://petstore.octoperf.com/images/banner_dogs.gif" is in the cache already and will not be downloaded again  	[MsgId: MMSG-26655]
Imported_AddToCard.c(58): Notify: Saving Parameter "itemId_1 = EST-4".
Imported_AddToCard.c(58): Notify: Saving Parameter "itemId_2 = EST-5".
Imported_AddToCard.c(58): Notify: Saving Parameter "itemId_count = 2".
Imported_AddToCard.c(58): Registered web_reg_find successful for "Text=FI-FW-01" (count=2)  	[MsgId: MMSG-26364]
Imported_AddToCard.c(58): web_link("{RandproductId}") was successful, 4050 body bytes, 335 header bytes  	[MsgId: MMSG-26386]
Imported_AddToCard.c(63): Notify: Transaction "SelectProductId" ended with a "Pass" status (Duration: 0.5413 Wasted Time: 0.0068).
Imported_AddToCard.c(65): lr_think_time: 2.76 seconds (recorded think time was 5.00 seconds).
Imported_AddToCard.c(67): Notify: Transaction "SelectItemId" started.
Imported_AddToCard.c(71): Notify: Parameter Substitution: parameter "itemId_count" =  "2"
Imported_AddToCard.c(72): Notify: Parameter Substitution: parameter "itemId_2" =  "EST-5"
Imported_AddToCard.c(74): Notify: Saving Parameter "RanditemId = EST-5".
Imported_AddToCard.c(75): Notify: Parameter Substitution: parameter "RanditemId" =  "EST-5"
Imported_AddToCard.c(75): Random category selected in Action2 = EST-5
Imported_AddToCard.c(77): web_reg_find started  	[MsgId: MMSG-26355]
Imported_AddToCard.c(77): Notify: Parameter Substitution: parameter "RanditemId" =  "EST-5"
Imported_AddToCard.c(77): Registering web_reg_find was successful  	[MsgId: MMSG-26390]
Imported_AddToCard.c(79): web_link("{RanditemId}") started  	[MsgId: MMSG-26355]
Imported_AddToCard.c(79): Notify: Parameter Substitution: parameter "RanditemId" =  "EST-5"
Imported_AddToCard.c(79): Linking to "https://petstore.octoperf.com/actions/Catalog.action?viewItem=&itemId=EST-5", Target Frame=""  	[MsgId: MMSG-27994]
Imported_AddToCard.c(79): Resource "https://petstore.octoperf.com/css/jpetstore.css" is in the cache already and will not be downloaded again  	[MsgId: MMSG-26655]
Imported_AddToCard.c(79): Resource "https://petstore.octoperf.com/images/logo-topbar.svg" is in the cache already and will not be downloaded again  	[MsgId: MMSG-26655]
Imported_AddToCard.c(79): Resource "https://petstore.octoperf.com/images/cart.gif" is in the cache already and will not be downloaded again  	[MsgId: MMSG-26655]
Imported_AddToCard.c(79): Resource "https://petstore.octoperf.com/images/separator.gif" is in the cache already and will not be downloaded again  	[MsgId: MMSG-26655]
Imported_AddToCard.c(79): Resource "https://petstore.octoperf.com/images/sm_fish.gif" is in the cache already and will not be downloaded again  	[MsgId: MMSG-26655]
Imported_AddToCard.c(79): Resource "https://petstore.octoperf.com/images/sm_dogs.gif" is in the cache already and will not be downloaded again  	[MsgId: MMSG-26655]
Imported_AddToCard.c(79): Resource "https://petstore.octoperf.com/images/sm_reptiles.gif" is in the cache already and will not be downloaded again  	[MsgId: MMSG-26655]
Imported_AddToCard.c(79): Resource "https://petstore.octoperf.com/images/sm_cats.gif" is in the cache already and will not be downloaded again  	[MsgId: MMSG-26655]
Imported_AddToCard.c(79): Resource "https://petstore.octoperf.com/images/sm_birds.gif" is in the cache already and will not be downloaded again  	[MsgId: MMSG-26655]
Imported_AddToCard.c(79): Found resource "https://petstore.octoperf.com/images/fish3.gif" in HTML "https://petstore.octoperf.com/actions/Catalog.action?viewItem=&itemId=EST-5"  	[MsgId: MMSG-26659]
Imported_AddToCard.c(79): Resource "https://petstore.octoperf.com/images/banner_dogs.gif" is in the cache already and will not be downloaded again  	[MsgId: MMSG-26655]
Imported_AddToCard.c(79): Registered web_reg_find successful for "Text=EST-5" (count=2)  	[MsgId: MMSG-26364]
Imported_AddToCard.c(79): web_link("{RanditemId}") was successful, 15232 body bytes, 709 header bytes  	[MsgId: MMSG-26386]
Imported_AddToCard.c(84): Notify: Transaction "SelectItemId" ended with a "Pass" status (Duration: 1.2371 Wasted Time: 0.0039).
Imported_AddToCard.c(86): lr_think_time: 3.74 seconds (recorded think time was 5.00 seconds).
Imported_AddToCard.c(88): Notify: Transaction "AddToCard" started.
Imported_AddToCard.c(90): web_reg_find started  	[MsgId: MMSG-26355]
Imported_AddToCard.c(90): Registering web_reg_find was successful  	[MsgId: MMSG-26390]
Imported_AddToCard.c(94): web_link("Add to Cart") started  	[MsgId: MMSG-26355]
Imported_AddToCard.c(94): Linking to "https://petstore.octoperf.com/actions/Cart.action?addItemToCart=&workingItemId=EST-5", Target Frame=""  	[MsgId: MMSG-27994]
Imported_AddToCard.c(94): Resource "https://petstore.octoperf.com/css/jpetstore.css" is in the cache already and will not be downloaded again  	[MsgId: MMSG-26655]
Imported_AddToCard.c(94): Resource "https://petstore.octoperf.com/images/logo-topbar.svg" is in the cache already and will not be downloaded again  	[MsgId: MMSG-26655]
Imported_AddToCard.c(94): Resource "https://petstore.octoperf.com/images/cart.gif" is in the cache already and will not be downloaded again  	[MsgId: MMSG-26655]
Imported_AddToCard.c(94): Resource "https://petstore.octoperf.com/images/separator.gif" is in the cache already and will not be downloaded again  	[MsgId: MMSG-26655]
Imported_AddToCard.c(94): Resource "https://petstore.octoperf.com/images/sm_fish.gif" is in the cache already and will not be downloaded again  	[MsgId: MMSG-26655]
Imported_AddToCard.c(94): Resource "https://petstore.octoperf.com/images/sm_dogs.gif" is in the cache already and will not be downloaded again  	[MsgId: MMSG-26655]
Imported_AddToCard.c(94): Resource "https://petstore.octoperf.com/images/sm_reptiles.gif" is in the cache already and will not be downloaded again  	[MsgId: MMSG-26655]
Imported_AddToCard.c(94): Resource "https://petstore.octoperf.com/images/sm_cats.gif" is in the cache already and will not be downloaded again  	[MsgId: MMSG-26655]
Imported_AddToCard.c(94): Resource "https://petstore.octoperf.com/images/sm_birds.gif" is in the cache already and will not be downloaded again  	[MsgId: MMSG-26655]
Imported_AddToCard.c(94): Resource "https://petstore.octoperf.com/images/banner_dogs.gif" is in the cache already and will not be downloaded again  	[MsgId: MMSG-26655]
Imported_AddToCard.c(94): Registered web_reg_find successful for "Text=Shopping Cart" (count=1)  	[MsgId: MMSG-26364]
Imported_AddToCard.c(94): web_link("Add to Cart") was successful, 4625 body bytes, 335 header bytes  	[MsgId: MMSG-26386]
Imported_AddToCard.c(99): Notify: Transaction "AddToCard" ended with a "Pass" status (Duration: 0.4978 Wasted Time: 0.0033).
Ending action Imported_AddToCard.
Starting action Imported_RemoveTheProduct.
Imported_RemoveTheProduct.c(4): Notify: Transaction "ClickOnViewCartR" started.
Imported_RemoveTheProduct.c(5): web_reg_find started  	[MsgId: MMSG-26355]
Imported_RemoveTheProduct.c(5): Registering web_reg_find was successful  	[MsgId: MMSG-26390]
Imported_RemoveTheProduct.c(7): web_image("cart.gif") started  	[MsgId: MMSG-26355]
Imported_RemoveTheProduct.c(7): Image-linking to "https://petstore.octoperf.com/actions/Cart.action?viewCart=", Target Frame=""  	[MsgId: MMSG-27993]
Imported_RemoveTheProduct.c(7): Resource "https://petstore.octoperf.com/css/jpetstore.css" is in the cache already and will not be downloaded again  	[MsgId: MMSG-26655]
Imported_RemoveTheProduct.c(7): Resource "https://petstore.octoperf.com/images/logo-topbar.svg" is in the cache already and will not be downloaded again  	[MsgId: MMSG-26655]
Imported_RemoveTheProduct.c(7): Resource "https://petstore.octoperf.com/images/cart.gif" is in the cache already and will not be downloaded again  	[MsgId: MMSG-26655]
Imported_RemoveTheProduct.c(7): Resource "https://petstore.octoperf.com/images/separator.gif" is in the cache already and will not be downloaded again  	[MsgId: MMSG-26655]
Imported_RemoveTheProduct.c(7): Resource "https://petstore.octoperf.com/images/sm_fish.gif" is in the cache already and will not be downloaded again  	[MsgId: MMSG-26655]
Imported_RemoveTheProduct.c(7): Resource "https://petstore.octoperf.com/images/sm_dogs.gif" is in the cache already and will not be downloaded again  	[MsgId: MMSG-26655]
Imported_RemoveTheProduct.c(7): Resource "https://petstore.octoperf.com/images/sm_reptiles.gif" is in the cache already and will not be downloaded again  	[MsgId: MMSG-26655]
Imported_RemoveTheProduct.c(7): Resource "https://petstore.octoperf.com/images/sm_cats.gif" is in the cache already and will not be downloaded again  	[MsgId: MMSG-26655]
Imported_RemoveTheProduct.c(7): Resource "https://petstore.octoperf.com/images/sm_birds.gif" is in the cache already and will not be downloaded again  	[MsgId: MMSG-26655]
Imported_RemoveTheProduct.c(7): Resource "https://petstore.octoperf.com/images/banner_dogs.gif" is in the cache already and will not be downloaded again  	[MsgId: MMSG-26655]
Imported_RemoveTheProduct.c(7): Registered web_reg_find successful for "Text=Shopping Cart" (count=1)  	[MsgId: MMSG-26364]
Imported_RemoveTheProduct.c(7): web_image("cart.gif") was successful, 4625 body bytes, 335 header bytes  	[MsgId: MMSG-26386]
Imported_RemoveTheProduct.c(11): Notify: Transaction "ClickOnViewCartR" ended with a "Pass" status (Duration: 0.4842 Wasted Time: 0.0046).
Imported_RemoveTheProduct.c(13): lr_think_time: 4.61 seconds (recorded think time was 5.00 seconds).
Imported_RemoveTheProduct.c(15): Notify: Transaction "ClickOnRemove" started.
Imported_RemoveTheProduct.c(17): web_reg_find started  	[MsgId: MMSG-26355]
Imported_RemoveTheProduct.c(17): Registering web_reg_find was successful  	[MsgId: MMSG-26390]
Imported_RemoveTheProduct.c(20): web_link("Remove") started  	[MsgId: MMSG-26355]
Imported_RemoveTheProduct.c(20): Linking to "https://petstore.octoperf.com/actions/Cart.action?removeItemFromCart=&workingItemId=EST-5", Target Frame=""  	[MsgId: MMSG-27994]
Imported_RemoveTheProduct.c(20): Resource "https://petstore.octoperf.com/css/jpetstore.css" is in the cache already and will not be downloaded again  	[MsgId: MMSG-26655]
Imported_RemoveTheProduct.c(20): Resource "https://petstore.octoperf.com/images/logo-topbar.svg" is in the cache already and will not be downloaded again  	[MsgId: MMSG-26655]
Imported_RemoveTheProduct.c(20): Resource "https://petstore.octoperf.com/images/cart.gif" is in the cache already and will not be downloaded again  	[MsgId: MMSG-26655]
Imported_RemoveTheProduct.c(20): Resource "https://petstore.octoperf.com/images/separator.gif" is in the cache already and will not be downloaded again  	[MsgId: MMSG-26655]
Imported_RemoveTheProduct.c(20): Resource "https://petstore.octoperf.com/images/sm_fish.gif" is in the cache already and will not be downloaded again  	[MsgId: MMSG-26655]
Imported_RemoveTheProduct.c(20): Resource "https://petstore.octoperf.com/images/sm_dogs.gif" is in the cache already and will not be downloaded again  	[MsgId: MMSG-26655]
Imported_RemoveTheProduct.c(20): Resource "https://petstore.octoperf.com/images/sm_reptiles.gif" is in the cache already and will not be downloaded again  	[MsgId: MMSG-26655]
Imported_RemoveTheProduct.c(20): Resource "https://petstore.octoperf.com/images/sm_cats.gif" is in the cache already and will not be downloaded again  	[MsgId: MMSG-26655]
Imported_RemoveTheProduct.c(20): Resource "https://petstore.octoperf.com/images/sm_birds.gif" is in the cache already and will not be downloaded again  	[MsgId: MMSG-26655]
Imported_RemoveTheProduct.c(20): Resource "https://petstore.octoperf.com/images/banner_dogs.gif" is in the cache already and will not be downloaded again  	[MsgId: MMSG-26655]
Imported_RemoveTheProduct.c(20): Registered web_reg_find successful for "Text=Your cart is empty." (count=1)  	[MsgId: MMSG-26364]
Imported_RemoveTheProduct.c(20): web_link("Remove") was successful, 4202 body bytes, 335 header bytes  	[MsgId: MMSG-26386]
Imported_RemoveTheProduct.c(25): Notify: Transaction "ClickOnRemove" ended with a "Pass" status (Duration: 0.4515 Wasted Time: 0.0050).
Ending action Imported_RemoveTheProduct.
Ending iteration 1.
Ending Vuser...
Starting action vuser_end.
vuser_end.c(4): Notify: Transaction "SignOut" started.
vuser_end.c(6): web_reg_find started  	[MsgId: MMSG-26355]
vuser_end.c(6): Registering web_reg_find was successful  	[MsgId: MMSG-26390]
vuser_end.c(9): web_url("Account.action_2") started  	[MsgId: MMSG-26355]
vuser_end.c(9): Redirecting "https://petstore.octoperf.com/actions/Account.action?signoff=" (redirection depth is 0)  	[MsgId: MMSG-26694]
vuser_end.c(9): To location "https://petstore.octoperf.com/actions/Catalog.action"  	[MsgId: MMSG-26693]
vuser_end.c(9): Resource "https://petstore.octoperf.com/css/jpetstore.css" is in the cache already and will not be downloaded again  	[MsgId: MMSG-26655]
vuser_end.c(9): Resource "https://petstore.octoperf.com/images/logo-topbar.svg" is in the cache already and will not be downloaded again  	[MsgId: MMSG-26655]
vuser_end.c(9): Resource "https://petstore.octoperf.com/images/cart.gif" is in the cache already and will not be downloaded again  	[MsgId: MMSG-26655]
vuser_end.c(9): Resource "https://petstore.octoperf.com/images/separator.gif" is in the cache already and will not be downloaded again  	[MsgId: MMSG-26655]
vuser_end.c(9): Resource "https://petstore.octoperf.com/images/sm_fish.gif" is in the cache already and will not be downloaded again  	[MsgId: MMSG-26655]
vuser_end.c(9): Resource "https://petstore.octoperf.com/images/sm_dogs.gif" is in the cache already and will not be downloaded again  	[MsgId: MMSG-26655]
vuser_end.c(9): Resource "https://petstore.octoperf.com/images/sm_reptiles.gif" is in the cache already and will not be downloaded again  	[MsgId: MMSG-26655]
vuser_end.c(9): Resource "https://petstore.octoperf.com/images/sm_cats.gif" is in the cache already and will not be downloaded again  	[MsgId: MMSG-26655]
vuser_end.c(9): Resource "https://petstore.octoperf.com/images/sm_birds.gif" is in the cache already and will not be downloaded again  	[MsgId: MMSG-26655]
vuser_end.c(9): Resource "https://petstore.octoperf.com/images/fish_icon.gif" is in the cache already and will not be downloaded again  	[MsgId: MMSG-26655]
vuser_end.c(9): Resource "https://petstore.octoperf.com/images/dogs_icon.gif" is in the cache already and will not be downloaded again  	[MsgId: MMSG-26655]
vuser_end.c(9): Resource "https://petstore.octoperf.com/images/cats_icon.gif" is in the cache already and will not be downloaded again  	[MsgId: MMSG-26655]
vuser_end.c(9): Resource "https://petstore.octoperf.com/images/reptiles_icon.gif" is in the cache already and will not be downloaded again  	[MsgId: MMSG-26655]
vuser_end.c(9): Resource "https://petstore.octoperf.com/images/birds_icon.gif" is in the cache already and will not be downloaded again  	[MsgId: MMSG-26655]
vuser_end.c(9): Resource "https://petstore.octoperf.com/images/splash.gif" is in the cache already and will not be downloaded again  	[MsgId: MMSG-26655]
vuser_end.c(9): Registered web_reg_find successful for "Text=Sign In" (count=1)  	[MsgId: MMSG-26364]
vuser_end.c(9): web_url("Account.action_2") was successful, 4736 body bytes, 738 header bytes  	[MsgId: MMSG-26386]
vuser_end.c(18): Notify: Transaction "SignOut" ended with a "Pass" status (Duration: 0.6772 Wasted Time: 0.0048).
vuser_end.c(20): Script Exection done sucessfully
vuser_end.c(21): web_cache_cleanup started  	[MsgId: MMSG-26355]
vuser_end.c(21): web_cache_cleanup was successful  	[MsgId: MMSG-26392]
vuser_end.c(22): web_cleanup_cookies started  	[MsgId: MMSG-26355]
vuser_end.c(22): web_cleanup_cookies was successful  	[MsgId: MMSG-26392]
Ending action vuser_end.
Vuser Terminated.
Vuser 0 (thread 14428), ended OK."
